app/build/outputs/logs/manifest-merger-debug-report.txt
-- Merging decision tree log ---
manifest
ADDED from AndroidManifest.xml:2:1
	package
		ADDED from AndroidManifest.xml:3:5
		INJECTED from AndroidManifest.xml:0:0
		INJECTED from AndroidManifest.xml:0:0
	android:versionName
		ADDED from AndroidManifest.xml:5:5
	android:versionCode
		ADDED from AndroidManifest.xml:4:5
		INJECTED from AndroidManifest.xml:0:0
		INJECTED from AndroidManifest.xml:0:0
	xmlns:android
		ADDED from AndroidManifest.xml:2:11
uses-sdk
ADDED from AndroidManifest.xml:7:5
	android:targetSdkVersion
		ADDED from AndroidManifest.xml:9:9
		INJECTED from AndroidManifest.xml:0:0
		INJECTED from AndroidManifest.xml:0:0
	android:minSdkVersion
		ADDED from AndroidManifest.xml:8:9
		INJECTED from AndroidManifest.xml:0:0
		INJECTED from AndroidManifest.xml:0:0
application
ADDED from AndroidManifest.xml:11:5
	android:label
		ADDED from AndroidManifest.xml:14:9
	android:allowBackup
		ADDED from AndroidManifest.xml:12:9
	android:icon
		ADDED from AndroidManifest.xml:13:9
	android:theme
		ADDED from AndroidManifest.xml:15:9
activity#info.androidhive.androidanimations.MainActivity
ADDED from AndroidManifest.xml:16:9
	android:label
		ADDED from AndroidManifest.xml:18:13
	android:name
		ADDED from AndroidManifest.xml:17:13
intent-filter#android.intent.action.MAIN+android.intent.category.LAUNCHER
ADDED from AndroidManifest.xml:19:13
action#android.intent.action.MAIN
ADDED from AndroidManifest.xml:20:17
	android:name
		ADDED from AndroidManifest.xml:20:25
category#android.intent.category.LAUNCHER
ADDED from AndroidManifest.xml:22:17
	android:name
		ADDED from AndroidManifest.xml:22:27
activity#info.androidhive.androidanimations.FadeInActivity
ADDED from AndroidManifest.xml:25:9
	android:label
		ADDED from AndroidManifest.xml:27:13
	android:name
		ADDED from AndroidManifest.xml:26:13
activity#info.androidhive.androidanimations.FadeOutActivity
ADDED from AndroidManifest.xml:28:9
	android:label
		ADDED from AndroidManifest.xml:30:13
	android:name
		ADDED from AndroidManifest.xml:29:13
activity#info.androidhive.androidanimations.CrossfadeActivity
ADDED from AndroidManifest.xml:31:9
	android:label
		ADDED from AndroidManifest.xml:33:13
	android:name
		ADDED from AndroidManifest.xml:32:13
activity#info.androidhive.androidanimations.BlinkActivity
ADDED from AndroidManifest.xml:34:9
	android:label
		ADDED from AndroidManifest.xml:36:13
	android:name
		ADDED from AndroidManifest.xml:35:13
activity#info.androidhive.androidanimations.ZoomInActivity
ADDED from AndroidManifest.xml:37:9
	android:label
		ADDED from AndroidManifest.xml:39:13
	android:name
		ADDED from AndroidManifest.xml:38:13
activity#info.androidhive.androidanimations.ZoomOutActivity
ADDED from AndroidManifest.xml:40:9
	android:label
		ADDED from AndroidManifest.xml:42:13
	android:name
		ADDED from AndroidManifest.xml:41:13
activity#info.androidhive.androidanimations.RotateActivity
ADDED from AndroidManifest.xml:43:9
	android:label
		ADDED from AndroidManifest.xml:45:13
	android:name
		ADDED from AndroidManifest.xml:44:13
activity#info.androidhive.androidanimations.MoveActivity
ADDED from AndroidManifest.xml:46:9
	android:label
		ADDED from AndroidManifest.xml:48:13
	android:name
		ADDED from AndroidManifest.xml:47:13
activity#info.androidhive.androidanimations.SlideUpActivity
ADDED from AndroidManifest.xml:49:9
	android:label
		ADDED from AndroidManifest.xml:51:13
	android:name
		ADDED from AndroidManifest.xml:50:13
activity#info.androidhive.androidanimations.SlideDownActivity
ADDED from AndroidManifest.xml:52:9
	android:label
		ADDED from AndroidManifest.xml:54:13
	android:name
		ADDED from AndroidManifest.xml:53:13
activity#info.androidhive.androidanimations.BounceActivity
ADDED from AndroidManifest.xml:55:9
	android:label
		ADDED from AndroidManifest.xml:57:13
	android:name
		ADDED from AndroidManifest.xml:56:13
activity#info.androidhive.androidanimations.SequentialActivity
ADDED from AndroidManifest.xml:58:9
	android:label
		ADDED from AndroidManifest.xml:60:13
	android:name
		ADDED from AndroidManifest.xml:59:13
activity#info.androidhive.androidanimations.TogetherActivity
ADDED from AndroidManifest.xml:61:9
	android:label
		ADDED from AndroidManifest.xml:63:13
	android:name
		ADDED from AndroidManifest.xml:62:13